

============================== 2022-05-13 09:03:42.698698 | 4a30f166-e103-4be0-a848-5bb3e7dea334 ==============================
09:03:42.698698 [info ] [MainThread]: Running with dbt=1.0.1
09:03:42.698906 [debug] [MainThread]: running dbt with arguments Namespace(record_timing_info=None, debug=None, log_format=None, write_json=None, use_colors=None, printer_width=None, warn_error=None, version_check=None, partial_parse=None, single_threaded=False, use_experimental_parser=None, static_parser=None, profiles_dir='/Users/nigelbrown/.dbt', send_anonymous_usage_stats=None, fail_fast=None, event_buffer_size=None, project_dir=None, profile=None, target=None, vars='{}', log_cache_events=False, config_dir=False, defer=None, state=None, cls=<class 'dbt.task.debug.DebugTask'>, which='debug', rpc_method=None)
09:03:42.698990 [debug] [MainThread]: Tracking: tracking
09:03:42.714019 [debug] [MainThread]: Sending event: {'category': 'dbt', 'action': 'invocation', 'label': 'start', 'context': [<snowplow_tracker.self_describing_json.SelfDescribingJson object at 0x110ec7400>, <snowplow_tracker.self_describing_json.SelfDescribingJson object at 0x110eb4ee0>, <snowplow_tracker.self_describing_json.SelfDescribingJson object at 0x110eb4f70>]}
09:03:42.842882 [debug] [MainThread]: Executing "git --help"
09:03:42.855039 [debug] [MainThread]: STDOUT: "b"usage: git [--version] [--help] [-C <path>] [-c <name>=<value>]\n           [--exec-path[=<path>]] [--html-path] [--man-path] [--info-path]\n           [-p | --paginate | -P | --no-pager] [--no-replace-objects] [--bare]\n           [--git-dir=<path>] [--work-tree=<path>] [--namespace=<name>]\n           [--super-prefix=<path>] [--config-env=<name>=<envvar>]\n           <command> [<args>]\n\nThese are common Git commands used in various situations:\n\nstart a working area (see also: git help tutorial)\n   clone             Clone a repository into a new directory\n   init              Create an empty Git repository or reinitialize an existing one\n\nwork on the current change (see also: git help everyday)\n   add               Add file contents to the index\n   mv                Move or rename a file, a directory, or a symlink\n   restore           Restore working tree files\n   rm                Remove files from the working tree and from the index\n   sparse-checkout   Initialize and modify the sparse-checkout\n\nexamine the history and state (see also: git help revisions)\n   bisect            Use binary search to find the commit that introduced a bug\n   diff              Show changes between commits, commit and working tree, etc\n   grep              Print lines matching a pattern\n   log               Show commit logs\n   show              Show various types of objects\n   status            Show the working tree status\n\ngrow, mark and tweak your common history\n   branch            List, create, or delete branches\n   commit            Record changes to the repository\n   merge             Join two or more development histories together\n   rebase            Reapply commits on top of another base tip\n   reset             Reset current HEAD to the specified state\n   switch            Switch branches\n   tag               Create, list, delete or verify a tag object signed with GPG\n\ncollaborate (see also: git help workflows)\n   fetch             Download objects and refs from another repository\n   pull              Fetch from and integrate with another repository or a local branch\n   push              Update remote refs along with associated objects\n\n'git help -a' and 'git help -g' list available subcommands and some\nconcept guides. See 'git help <command>' or 'git help <concept>'\nto read about a specific subcommand or concept.\nSee 'git help git' for an overview of the system.\n""
09:03:42.855497 [debug] [MainThread]: STDERR: "b''"
09:03:42.859572 [debug] [MainThread]: Acquiring new snowflake connection "debug"
09:03:42.860380 [debug] [MainThread]: Using snowflake connection "debug"
09:03:42.860471 [debug] [MainThread]: On debug: select 1 as id
09:03:42.860574 [debug] [MainThread]: Opening a new connection, currently in state init
09:03:43.904500 [debug] [MainThread]: SQL status: SUCCESS 1 in 1.04 seconds
09:03:43.907405 [debug] [MainThread]: On debug: Close
09:03:44.325841 [debug] [MainThread]: Sending event: {'category': 'dbt', 'action': 'invocation', 'label': 'end', 'context': [<snowplow_tracker.self_describing_json.SelfDescribingJson object at 0x1119afc40>, <snowplow_tracker.self_describing_json.SelfDescribingJson object at 0x1119e1af0>, <snowplow_tracker.self_describing_json.SelfDescribingJson object at 0x1119c1a90>]}
09:03:44.952687 [debug] [MainThread]: Connection 'debug' was properly closed.


============================== 2022-05-13 09:05:04.868855 | 3a5e585a-b2bb-4edf-b872-0ae45066920e ==============================
09:05:04.868855 [info ] [MainThread]: Running with dbt=1.0.1
09:05:04.869158 [debug] [MainThread]: running dbt with arguments Namespace(record_timing_info=None, debug=None, log_format=None, write_json=None, use_colors=None, printer_width=None, warn_error=None, version_check=None, partial_parse=None, single_threaded=False, use_experimental_parser=None, static_parser=None, profiles_dir='/Users/nigelbrown/.dbt', send_anonymous_usage_stats=None, fail_fast=None, event_buffer_size=None, project_dir=None, profile=None, target=None, vars='{}', log_cache_events=False, config_dir=False, defer=None, state=None, cls=<class 'dbt.task.debug.DebugTask'>, which='debug', rpc_method=None)
09:05:04.869237 [debug] [MainThread]: Tracking: tracking
09:05:04.882400 [debug] [MainThread]: Sending event: {'category': 'dbt', 'action': 'invocation', 'label': 'start', 'context': [<snowplow_tracker.self_describing_json.SelfDescribingJson object at 0x106147fd0>, <snowplow_tracker.self_describing_json.SelfDescribingJson object at 0x1061475e0>, <snowplow_tracker.self_describing_json.SelfDescribingJson object at 0x106134c70>]}
09:05:05.087957 [debug] [MainThread]: Executing "git --help"
09:05:05.101105 [debug] [MainThread]: STDOUT: "b"usage: git [--version] [--help] [-C <path>] [-c <name>=<value>]\n           [--exec-path[=<path>]] [--html-path] [--man-path] [--info-path]\n           [-p | --paginate | -P | --no-pager] [--no-replace-objects] [--bare]\n           [--git-dir=<path>] [--work-tree=<path>] [--namespace=<name>]\n           [--super-prefix=<path>] [--config-env=<name>=<envvar>]\n           <command> [<args>]\n\nThese are common Git commands used in various situations:\n\nstart a working area (see also: git help tutorial)\n   clone             Clone a repository into a new directory\n   init              Create an empty Git repository or reinitialize an existing one\n\nwork on the current change (see also: git help everyday)\n   add               Add file contents to the index\n   mv                Move or rename a file, a directory, or a symlink\n   restore           Restore working tree files\n   rm                Remove files from the working tree and from the index\n   sparse-checkout   Initialize and modify the sparse-checkout\n\nexamine the history and state (see also: git help revisions)\n   bisect            Use binary search to find the commit that introduced a bug\n   diff              Show changes between commits, commit and working tree, etc\n   grep              Print lines matching a pattern\n   log               Show commit logs\n   show              Show various types of objects\n   status            Show the working tree status\n\ngrow, mark and tweak your common history\n   branch            List, create, or delete branches\n   commit            Record changes to the repository\n   merge             Join two or more development histories together\n   rebase            Reapply commits on top of another base tip\n   reset             Reset current HEAD to the specified state\n   switch            Switch branches\n   tag               Create, list, delete or verify a tag object signed with GPG\n\ncollaborate (see also: git help workflows)\n   fetch             Download objects and refs from another repository\n   pull              Fetch from and integrate with another repository or a local branch\n   push              Update remote refs along with associated objects\n\n'git help -a' and 'git help -g' list available subcommands and some\nconcept guides. See 'git help <command>' or 'git help <concept>'\nto read about a specific subcommand or concept.\nSee 'git help git' for an overview of the system.\n""
09:05:05.101569 [debug] [MainThread]: STDERR: "b''"
09:05:05.105319 [debug] [MainThread]: Acquiring new snowflake connection "debug"
09:05:05.106479 [debug] [MainThread]: Using snowflake connection "debug"
09:05:05.106652 [debug] [MainThread]: On debug: select 1 as id
09:05:05.106741 [debug] [MainThread]: Opening a new connection, currently in state init
09:05:06.214949 [debug] [MainThread]: SQL status: SUCCESS 1 in 1.11 seconds
09:05:06.217017 [debug] [MainThread]: On debug: Close
09:05:06.376575 [debug] [MainThread]: Sending event: {'category': 'dbt', 'action': 'invocation', 'label': 'end', 'context': [<snowplow_tracker.self_describing_json.SelfDescribingJson object at 0x1061479d0>, <snowplow_tracker.self_describing_json.SelfDescribingJson object at 0x106c356a0>, <snowplow_tracker.self_describing_json.SelfDescribingJson object at 0x106c35790>]}
09:05:07.025686 [debug] [MainThread]: Connection 'debug' was properly closed.


============================== 2022-05-16 12:15:06.845893 | 7d36b9ab-c110-44a3-b152-7e904ed709dd ==============================
12:15:06.845893 [info ] [MainThread]: Running with dbt=1.0.1
12:15:06.846238 [debug] [MainThread]: running dbt with arguments Namespace(record_timing_info=None, debug=None, log_format=None, write_json=None, use_colors=None, printer_width=None, warn_error=None, version_check=None, partial_parse=None, single_threaded=False, use_experimental_parser=None, static_parser=None, profiles_dir='/Users/nigelbrown/.dbt', send_anonymous_usage_stats=None, fail_fast=None, event_buffer_size=None, project_dir=None, profile=None, target=None, vars='{}', log_cache_events=False, config_dir=False, defer=None, state=None, cls=<class 'dbt.task.debug.DebugTask'>, which='debug', rpc_method=None)
12:15:06.846317 [debug] [MainThread]: Tracking: tracking
12:15:06.865214 [debug] [MainThread]: Sending event: {'category': 'dbt', 'action': 'invocation', 'label': 'start', 'context': [<snowplow_tracker.self_describing_json.SelfDescribingJson object at 0x1043cbf40>, <snowplow_tracker.self_describing_json.SelfDescribingJson object at 0x1043b9fa0>, <snowplow_tracker.self_describing_json.SelfDescribingJson object at 0x1043b9eb0>]}
12:15:07.072406 [debug] [MainThread]: Executing "git --help"
12:15:07.084621 [debug] [MainThread]: STDOUT: "b"usage: git [--version] [--help] [-C <path>] [-c <name>=<value>]\n           [--exec-path[=<path>]] [--html-path] [--man-path] [--info-path]\n           [-p | --paginate | -P | --no-pager] [--no-replace-objects] [--bare]\n           [--git-dir=<path>] [--work-tree=<path>] [--namespace=<name>]\n           [--super-prefix=<path>] [--config-env=<name>=<envvar>]\n           <command> [<args>]\n\nThese are common Git commands used in various situations:\n\nstart a working area (see also: git help tutorial)\n   clone             Clone a repository into a new directory\n   init              Create an empty Git repository or reinitialize an existing one\n\nwork on the current change (see also: git help everyday)\n   add               Add file contents to the index\n   mv                Move or rename a file, a directory, or a symlink\n   restore           Restore working tree files\n   rm                Remove files from the working tree and from the index\n   sparse-checkout   Initialize and modify the sparse-checkout\n\nexamine the history and state (see also: git help revisions)\n   bisect            Use binary search to find the commit that introduced a bug\n   diff              Show changes between commits, commit and working tree, etc\n   grep              Print lines matching a pattern\n   log               Show commit logs\n   show              Show various types of objects\n   status            Show the working tree status\n\ngrow, mark and tweak your common history\n   branch            List, create, or delete branches\n   commit            Record changes to the repository\n   merge             Join two or more development histories together\n   rebase            Reapply commits on top of another base tip\n   reset             Reset current HEAD to the specified state\n   switch            Switch branches\n   tag               Create, list, delete or verify a tag object signed with GPG\n\ncollaborate (see also: git help workflows)\n   fetch             Download objects and refs from another repository\n   pull              Fetch from and integrate with another repository or a local branch\n   push              Update remote refs along with associated objects\n\n'git help -a' and 'git help -g' list available subcommands and some\nconcept guides. See 'git help <command>' or 'git help <concept>'\nto read about a specific subcommand or concept.\nSee 'git help git' for an overview of the system.\n""
12:15:07.084964 [debug] [MainThread]: STDERR: "b''"
12:15:07.087861 [debug] [MainThread]: Acquiring new snowflake connection "debug"
12:15:07.088521 [debug] [MainThread]: Using snowflake connection "debug"
12:15:07.088614 [debug] [MainThread]: On debug: select 1 as id
12:15:07.088685 [debug] [MainThread]: Opening a new connection, currently in state init
12:15:08.109604 [debug] [MainThread]: SQL status: SUCCESS 1 in 1.02 seconds
12:15:08.111480 [debug] [MainThread]: On debug: Close
12:15:08.278322 [debug] [MainThread]: Sending event: {'category': 'dbt', 'action': 'invocation', 'label': 'end', 'context': [<snowplow_tracker.self_describing_json.SelfDescribingJson object at 0x104dfb610>, <snowplow_tracker.self_describing_json.SelfDescribingJson object at 0x104dfb430>, <snowplow_tracker.self_describing_json.SelfDescribingJson object at 0x104df33a0>]}
12:15:08.804707 [debug] [MainThread]: Connection 'debug' was properly closed.
